빌드 시작: 2016-07-04 오전 12:45:50
     1>2 노드의 "C:\Users\Patrick\Documents\GitHub\DrillingAlgo\ProblemEasy\ProblemEasy\ProblemEasy.vcxproj" 프로젝트(Build 대상)입니다.
     1>ClCompile:
         C:\Program Files (x86)\Microsoft Visual Studio 14.0\VC\bin\x86_amd64\CL.exe /c /ZI /nologo /W3 /WX- /Od /D _DEBUG /D _CONSOLE /D _UNICODE /D UNICODE /Gm /EHsc /RTC1 /MDd /GS /fp:precise /Zc:wchar_t /Zc:forScope /Zc:inline /Fo"x64\Debug\\" /Fd"x64\Debug\vc140.pdb" /Gd /TC /errorReport:prompt MaxAndMin00.c MaxAndMin01.c MaxAndMin02.c
         MaxAndMin02.c
     1>c:\users\patrick\documents\github\drillingalgo\problemeasy\problemeasy\maxandmin02.c(35): warning C4477: 'printf' : format string '%d' requires an argument of type 'int', but variadic argument 1 has type 'size_t'
         c:\users\patrick\documents\github\drillingalgo\problemeasy\problemeasy\maxandmin02.c(35): note: consider using '%zd' in the format string
     1>c:\users\patrick\documents\github\drillingalgo\problemeasy\problemeasy\maxandmin02.c(35): warning C4477: 'printf' : format string '%d' requires an argument of type 'int', but variadic argument 2 has type 'size_t'
         c:\users\patrick\documents\github\drillingalgo\problemeasy\problemeasy\maxandmin02.c(35): note: consider using '%zd' in the format string
         MaxAndMin01.c
         MaxAndMin00.c
         코드를 생성하고 있습니다...
       Link:
         C:\Program Files (x86)\Microsoft Visual Studio 14.0\VC\bin\x86_amd64\link.exe /ERRORREPORT:PROMPT /OUT:"C:\Users\Patrick\Documents\GitHub\DrillingAlgo\ProblemEasy\x64\Debug\ProblemEasy.exe" /INCREMENTAL /NOLOGO kernel32.lib user32.lib gdi32.lib winspool.lib comdlg32.lib advapi32.lib shell32.lib ole32.lib oleaut32.lib uuid.lib odbc32.lib odbccp32.lib /MANIFEST /MANIFESTUAC:"level='asInvoker' uiAccess='false'" /manifest:embed /Debug /PDB:"C:\Users\Patrick\Documents\GitHub\DrillingAlgo\ProblemEasy\x64\Debug\ProblemEasy.pdb" /SUBSYSTEM:CONSOLE /TLBID:1 /DYNAMICBASE /NXCOMPAT /IMPLIB:"C:\Users\Patrick\Documents\GitHub\DrillingAlgo\ProblemEasy\x64\Debug\ProblemEasy.lib" /MACHINE:X64 x64\Debug\MaxAndMin00.obj
         x64\Debug\MaxAndMin01.obj
         x64\Debug\MaxAndMin02.obj
         ProblemEasy.vcxproj -> C:\Users\Patrick\Documents\GitHub\DrillingAlgo\ProblemEasy\x64\Debug\ProblemEasy.exe
     1>"C:\Users\Patrick\Documents\GitHub\DrillingAlgo\ProblemEasy\ProblemEasy\ProblemEasy.vcxproj" 프로젝트를 빌드했습니다(Build 대상).

빌드했습니다.

경과 시간: 00:00:00.31
